  GameStateSandbox.c
c1 : fatal error C1083: Cannot open source file: 'Source\GameStateSandbox.c': No such file or directory
  GameStateStub.c
  GameStateTable.c
C:\Users\12038\Desktop\CodingProjects\CS230\CS230Projects\Project1\Source\GameStateTable.c(56,33): error C2065: 'GameStateLevel1Load': undeclared identifier
C:\Users\12038\Desktop\CodingProjects\CS230\CS230Projects\Project1\Source\GameStateTable.c(56,54): error C2065: 'GameStateLevel1Init': undeclared identifier
C:\Users\12038\Desktop\CodingProjects\CS230\CS230Projects\Project1\Source\GameStateTable.c(56,77): error C2065: 'GameStateLevel1Update': undeclared identifier
C:\Users\12038\Desktop\CodingProjects\CS230\CS230Projects\Project1\Source\GameStateTable.c(56,102): error C2065: 'GameStateLevel1Shutdown': undeclared identifier
C:\Users\12038\Desktop\CodingProjects\CS230\CS230Projects\Project1\Source\GameStateTable.c(56,126): error C2065: 'GameStateLevel1Unload': undeclared identifier
C:\Users\12038\Desktop\CodingProjects\CS230\CS230Projects\Project1\Source\GameStateTable.c(57,33): error C2065: 'GameStateLevel2Load': undeclared identifier
C:\Users\12038\Desktop\CodingProjects\CS230\CS230Projects\Project1\Source\GameStateTable.c(57,54): error C2065: 'GameStateLevel2Init': undeclared identifier
C:\Users\12038\Desktop\CodingProjects\CS230\CS230Projects\Project1\Source\GameStateTable.c(57,77): error C2065: 'GameStateLevel2Update': undeclared identifier
C:\Users\12038\Desktop\CodingProjects\CS230\CS230Projects\Project1\Source\GameStateTable.c(57,102): error C2065: 'GameStateLevel2Shutdown': undeclared identifier
C:\Users\12038\Desktop\CodingProjects\CS230\CS230Projects\Project1\Source\GameStateTable.c(57,126): error C2065: 'GameStateLevel2Unload': undeclared identifier
C:\Users\12038\Desktop\CodingProjects\CS230\CS230Projects\Project1\Source\GameStateTable.c(58,35): error C2065: 'GameStateSandboxLoad': undeclared identifier
C:\Users\12038\Desktop\CodingProjects\CS230\CS230Projects\Project1\Source\GameStateTable.c(58,57): error C2065: 'GameStateSandboxInit': undeclared identifier
C:\Users\12038\Desktop\CodingProjects\CS230\CS230Projects\Project1\Source\GameStateTable.c(58,81): error C2065: 'GameStateSandboxUpdate': undeclared identifier
C:\Users\12038\Desktop\CodingProjects\CS230\CS230Projects\Project1\Source\GameStateTable.c(58,107): error C2065: 'GameStateSandboxShutdown': undeclared identifier
C:\Users\12038\Desktop\CodingProjects\CS230\CS230Projects\Project1\Source\GameStateTable.c(58,132): error C2065: 'GameStateSandboxUnload': undeclared identifier
C:\Users\12038\Desktop\CodingProjects\CS230\CS230Projects\Project1\Source\GameStateTable.c(56,1): error C2099: initializer is not a constant
C:\Users\12038\Desktop\CodingProjects\CS230\CS230Projects\Project1\Source\GameStateTable.c(57,1): error C2099: initializer is not a constant
C:\Users\12038\Desktop\CodingProjects\CS230\CS230Projects\Project1\Source\GameStateTable.c(58,1): error C2099: initializer is not a constant
  Main.c
  Stream.c
C:\Users\12038\Desktop\CodingProjects\CS230\CS230Projects\Project1\Source\Stream.c(22,25): error C2220: the following warning is treated as an error
C:\Users\12038\Desktop\CodingProjects\CS230\CS230Projects\Project1\Source\Stream.c(22,25): warning C4090: 'function': different 'const' qualifiers
C:\Users\12038\Desktop\CodingProjects\CS230\CS230Projects\Project1\Source\Stream.c(25,18): warning C4090: 'return': different 'const' qualifiers
C:\Users\12038\Desktop\CodingProjects\CS230\CS230Projects\Project1\Source\Stream.c(64,11): error C2037: left of 'x' specifies undefined struct/union 'Vector2D'
C:\Users\12038\Desktop\CodingProjects\CS230\CS230Projects\Project1\Source\Stream.c(65,11): error C2037: left of 'y' specifies undefined struct/union 'Vector2D'
C:\Users\12038\Desktop\CodingProjects\CS230\CS230Projects\Project1\Source\Stream.c(68,10): warning C4098: 'StreamReadVector2D': 'void' function returning a value
C:\Users\12038\Desktop\CodingProjects\CS230\CS230Projects\Project1\Source\Stream.c(76,16): warning C4047: 'function': 'FILE *' differs in levels of indirection from 'Stream *'
C:\Users\12038\Desktop\CodingProjects\CS230\CS230Projects\Project1\Source\Stream.c(76,10): warning C4024: 'fclose': different types for formal and actual parameter 1
  Stub.c
  Trace.c
  Vector2D.c
c1 : fatal error C1083: Cannot open source file: 'Source\Vector2D.c': No such file or directory
  Generating Code...
