Engine: Init
GSM: Init
Engine: Update
GSM: Update
Demo: Load
Demo: Init
Demo: Update
Engine: Update
GSM: Update
Demo: Update
Engine: Update
GSM: Update
Demo: Update
Engine: Update
GSM: Update
Demo: Update
Engine: Update
GSM: Update
Demo: Update
Engine: Update
GSM: Update
Demo: Update
Engine: Update
GSM: Update
Demo: Update
Engine: Update
GSM: Update
Demo: Update
Engine: Update
GSM: Update
Demo: Update
Engine: Update
GSM: Update
Demo: Update
Engine: Update
GSM: Update
Demo: Update
Engine: Update
GSM: Update
Demo: Update
Engine: Update
GSM: Update
Demo: Update
Engine: Update
GSM: Update
Demo: Update
Engine: Update
GSM: Update
Demo: Update
Engine: Update
GSM: Update
Demo: Update
Engine: Update
GSM: Update
Demo: Update
Engine: Update
GSM: Update
Demo: Update
Engine: Update
GSM: Update
Demo: Update
Engine: Update
GSM: Update
Demo: Update
Engine: Update
GSM: Update
Demo: Update
Engine: Update
GSM: Update
Demo: Update
Engine: Update
GSM: Update
Demo: Update
Engine: Update
GSM: Update
Demo: Update
Engine: Update
GSM: Update
Demo: Update
Engine: Update
GSM: Update
Demo: Update
Engine: Update
GSM: Update
Demo: Update
Engine: Update
GSM: Update
Demo: Update
Engine: Update
GSM: Update
Demo: Update
Engine: Update
GSM: Update
Demo: Update
Engine: Update
GSM: Update
Demo: Update
Engine: Update
GSM: Update
Demo: Update
Engine: Update
GSM: Update
Demo: Update
Engine: Update
GSM: Update
Demo: Update
Engine: Update
GSM: Update
Demo: Update
Engine: Update
GSM: Update
Demo: Update
Engine: Update
GSM: Update
Demo: Update
Engine: Update
GSM: Update
Demo: Update
Engine: Update
GSM: Update
Demo: Update
Engine: Update
GSM: Update
Demo: Update
Engine: Update
GSM: Update
Demo: Update
Engine: Update
GSM: Update
Demo: Update
Engine: Update
GSM: Update
Demo: Update
Engine: Update
GSM: Update
Demo: Update
Engine: Update
GSM: Update
Demo: Update
Engine: Update
GSM: Update
Demo: Update
Engine: Update
GSM: Update
Demo: Update
Engine: Update
GSM: Update
Demo: Update
Engine: Update
GSM: Update
Demo: Update
Engine: Update
GSM: Update
Demo: Update
Engine: Update
GSM: Update
Demo: Update
Engine: Update
GSM: Update
Demo: Update
Engine: Update
GSM: Update
Demo: Update
Engine: Update
GSM: Update
Demo: Update
Engine: Update
GSM: Update
Demo: Update
Engine: Update
GSM: Update
Demo: Update
Engine: Update
GSM: Update
Demo: Update
Engine: Update
GSM: Update
Demo: Update
Engine: Update
GSM: Update
Demo: Update
Engine: Update
GSM: Update
Demo: Update
Engine: Update
GSM: Update
Demo: Update
Engine: Update
GSM: Update
Demo: Update
Engine: Update
GSM: Update
Demo: Update
Engine: Update
GSM: Update
Demo: Update
Engine: Update
GSM: Update
Demo: Update
Engine: Update
GSM: Update
Demo: Update
Engine: Update
GSM: Update
Demo: Update
Engine: Update
GSM: Update
Demo: Update
Engine: Update
GSM: Update
Demo: Update
Engine: Update
GSM: Update
Demo: Update
Engine: Update
GSM: Update
Demo: Update
Engine: Update
GSM: Update
Demo: Update
Engine: Update
GSM: Update
Demo: Update
Engine: Update
GSM: Update
Demo: Update
Engine: Update
GSM: Update
Demo: Update
Engine: Update
GSM: Update
Demo: Update
Engine: Update
GSM: Update
Demo: Update
Engine: Update
GSM: Update
Demo: Update
Engine: Update
GSM: Update
Demo: Update
Engine: Update
GSM: Update
Demo: Update
Engine: Update
GSM: Update
Demo: Update
Engine: Update
GSM: Update
Demo: Update
Engine: Update
GSM: Update
Demo: Update
Engine: Update
GSM: Update
Demo: Update
Engine: Update
GSM: Update
Demo: Update
Engine: Update
GSM: Update
Demo: Update
Engine: Update
GSM: Update
Demo: Update
Engine: Update
GSM: Update
Demo: Update
Engine: Update
GSM: Update
Demo: Update
Engine: Update
GSM: Update
Demo: Update
Engine: Update
GSM: Update
Demo: Update
Engine: Update
GSM: Update
Demo: Update
Engine: Update
GSM: Update
Demo: Update
Engine: Update
GSM: Update
Demo: Update
Engine: Update
GSM: Update
Demo: Update
Engine: Update
GSM: Update
Demo: Update
Engine: Update
GSM: Update
Demo: Update
Engine: Update
GSM: Update
Demo: Update
Engine: Update
GSM: Update
Demo: Update
Engine: Update
GSM: Update
Demo: Update
Engine: Update
GSM: Update
Demo: Update
Engine: Update
GSM: Update
Demo: Update
Engine: Update
GSM: Update
Demo: Update
Engine: Update
GSM: Update
Demo: Update
Engine: Update
GSM: Update
Demo: Update
Engine: Update
GSM: Update
Demo: Update
Engine: Update
GSM: Update
Demo: Update
Engine: Update
GSM: Update
Demo: Update
Engine: Update
GSM: Update
Demo: Update
Engine: Update
GSM: Update
Demo: Update
Engine: Update
GSM: Update
Demo: Update
Engine: Update
GSM: Update
Demo: Update
Engine: Update
GSM: Update
Demo: Update
Engine: Update
GSM: Update
Demo: Update
Engine: Update
GSM: Update
Demo: Update
Engine: Update
GSM: Update
Demo: Update
Engine: Update
GSM: Update
Demo: Update
Engine: Update
GSM: Update
Demo: Update
Engine: Update
GSM: Update
Demo: Update
Engine: Update
GSM: Update
Demo: Update
Engine: Update
GSM: Update
Demo: Update
Engine: Update
GSM: Update
Demo: Update
Engine: Update
GSM: Update
Demo: Update
Engine: Update
GSM: Update
Demo: Update
Engine: Update
GSM: Update
Demo: Update
Engine: Update
GSM: Update
Demo: Update
Engine: Update
GSM: Update
Demo: Update
Engine: Update
GSM: Update
Demo: Update
Engine: Update
GSM: Update
Demo: Shutdown
Demo: Unload
Engine: Shutdown
GSM: Shutdown
